This is TeX, Version 3.1415926 (TeX Live 2009/Debian) (format=tex 2010.9.22)  22 SEP 2010 11:31
**api_guide.texinfo
(./api_guide.texinfo
! I can't find file `textinfo'.
l.1 \input textinfo 
                       @c -*-textinfo-*-
(Press Enter to retry, or Control-D to exit)
Please type another input file name: 
! I can't find file `textinfo'.
l.1 \input textinfo 
                       @c -*-textinfo-*-
(Press Enter to retry, or Control-D to exit)
Please type another input file name: 
! I can't find file `textinfo'.
l.1 \input textinfo 
                       @c -*-textinfo-*-
(Press Enter to retry, or Control-D to exit)
Please type another input file name: 
! Emergency stop.
l.1 \input textinfo 
                       @c -*-textinfo-*-
End of file on the terminal!

No pages of output.
